<?xml version="1.0" encoding="UTF-8"?>
<!-- Generated by org.testng.reporters.JUnitXMLReporter -->
<testsuite ignored="0" hostname="Abhishek" failures="0" tests="3" name="Default test" time="0.116" errors="0" timestamp="2020-01-15T12:28:02 EST">
  <testcase classname="com.testing.Testing3" name="homeTest" time="0.017"/>
  <testcase classname="com.testing.Testing3" name="maintest" time="0.011"/>
  <testcase classname="com.testing.Testing3" name="endtest" time="0.005"/>
</testsuite> <!-- Default test -->
