<?xml version="1.0" encoding="UTF-8"?>
<!-- Generated by org.testng.reporters.JUnitXMLReporter -->
<testsuite ignored="0" hostname="Abhishek" failures="0" tests="10" name="Test" time="0.16" errors="0" timestamp="2020-01-17T15:04:07 EST">
  <testcase classname="com.testing.Testing1" name="f" time="0.01"/>
  <testcase classname="com.testing.Testing1" name="f" time="0.001"/>
  <testcase classname="com.testing.Testing1" name="test1" time="0.002"/>
  <testcase classname="com.testing.Testing1" name="test2" time="0.001"/>
  <testcase classname="com.testing.Testing1" name="test3" time="0.001"/>
  <testcase classname="com.testing.Testing2" name="test4" time="0.004"/>
  <testcase classname="com.testing.Testing2" name="test5" time="0.002"/>
  <testcase classname="com.testing.Testing3" name="homeTest" time="0.025"/>
  <testcase classname="com.testing.Testing3" name="maintest" time="0.005"/>
  <testcase classname="com.testing.Testing3" name="endtest" time="0.002"/>
</testsuite> <!-- Test -->
