<?xml version="1.0" encoding="UTF-8"?>
<testng-results ignored="0" total="10" passed="10" failed="0" skipped="0">
  <reporter-output>
  </reporter-output>
  <suite started-at="2020-01-17T15:04:06 EST" name="Suite" finished-at="2020-01-17T15:04:07 EST" duration-ms="160">
    <groups>
      <group name="smoke">
        <method signature="Testing3.maintest()[pri:2, instance:com.testing.Testing3@45018215]" name="maintest" class="com.testing.Testing3"/>
        <method signature="Testing3.endtest()[pri:3, instance:com.testing.Testing3@45018215]" name="endtest" class="com.testing.Testing3"/>
      </group> <!-- smoke -->
      <group name="sanity">
        <method signature="Testing3.endtest()[pri:3, instance:com.testing.Testing3@45018215]" name="endtest" class="com.testing.Testing3"/>
      </group> <!-- sanity -->
    </groups>
    <test started-at="2020-01-17T15:04:06 EST" name="Test" finished-at="2020-01-17T15:04:07 EST" duration-ms="160">
      <class name="com.testing.Testing3">
        <test-method signature="homeTest()[pri:1, instance:com.testing.Testing3@45018215]" started-at="2020-01-17T15:04:06 EST" name="homeTest" finished-at="2020-01-17T15:04:06 EST" duration-ms="25" status="PASS">
          <reporter-output>
          </reporter-output>
        </test-method> <!-- homeTest -->
        <test-method signature="maintest()[pri:2, instance:com.testing.Testing3@45018215]" started-at="2020-01-17T15:04:06 EST" name="maintest" finished-at="2020-01-17T15:04:06 EST" depends-on-methods="com.testing.Testing3.homeTest" duration-ms="5" status="PASS">
          <reporter-output>
          </reporter-output>
        </test-method> <!-- maintest -->
        <test-method signature="endtest()[pri:3, instance:com.testing.Testing3@45018215]" started-at="2020-01-17T15:04:06 EST" name="endtest" finished-at="2020-01-17T15:04:07 EST" depends-on-methods="com.testing.Testing3.maintest" duration-ms="2" status="PASS">
          <reporter-output>
          </reporter-output>
        </test-method> <!-- endtest -->
      </class> <!-- com.testing.Testing3 -->
      <class name="com.testing.Testing1">
        <test-method is-config="true" signature="beforeSuite()[pri:0, instance:com.testing.Testing1@7b227d8d]" started-at="2020-01-17T15:04:06 EST" name="beforeSuite" finished-at="2020-01-17T15:04:06 EST" duration-ms="15" status="PASS">
          <reporter-output>
          </reporter-output>
        </test-method> <!-- beforeSuite -->
        <test-method is-config="true" signature="beforeTest()[pri:0, instance:com.testing.Testing1@7b227d8d]" started-at="2020-01-17T15:04:06 EST" name="beforeTest" finished-at="2020-01-17T15:04:06 EST" duration-ms="0" status="PASS">
          <reporter-output>
          </reporter-output>
        </test-method> <!-- beforeTest -->
        <test-method is-config="true" signature="beforeClass()[pri:0, instance:com.testing.Testing1@7b227d8d]" started-at="2020-01-17T15:04:06 EST" name="beforeClass" finished-at="2020-01-17T15:04:06 EST" duration-ms="1" status="PASS">
          <reporter-output>
          </reporter-output>
        </test-method> <!-- beforeClass -->
        <test-method is-config="true" signature="beforeMethod()[pri:0, instance:com.testing.Testing1@7b227d8d]" started-at="2020-01-17T15:04:06 EST" name="beforeMethod" finished-at="2020-01-17T15:04:06 EST" duration-ms="1" status="PASS">
          <reporter-output>
          </reporter-output>
        </test-method> <!-- beforeMethod -->
        <test-method signature="f(java.lang.Integer, java.lang.String)[pri:0, instance:com.testing.Testing1@7b227d8d]" started-at="2020-01-17T15:04:06 EST" name="f" data-provider="dp" finished-at="2020-01-17T15:04:06 EST" duration-ms="10" status="PASS">
          <params>
            <param index="0">
              <value>
                <![CDATA[1]]>
              </value>
            </param>
            <param index="1">
              <value>
                <![CDATA[a]]>
              </value>
            </param>
          </params>
          <reporter-output>
          </reporter-output>
        </test-method> <!-- f -->
        <test-method is-config="true" signature="afterMethod()[pri:0, instance:com.testing.Testing1@7b227d8d]" started-at="2020-01-17T15:04:06 EST" name="afterMethod" finished-at="2020-01-17T15:04:06 EST" duration-ms="0" status="PASS">
          <reporter-output>
          </reporter-output>
        </test-method> <!-- afterMethod -->
        <test-method is-config="true" signature="beforeMethod()[pri:0, instance:com.testing.Testing1@7b227d8d]" started-at="2020-01-17T15:04:06 EST" name="beforeMethod" finished-at="2020-01-17T15:04:06 EST" duration-ms="1" status="PASS">
          <reporter-output>
          </reporter-output>
        </test-method> <!-- beforeMethod -->
        <test-method signature="f(java.lang.Integer, java.lang.String)[pri:0, instance:com.testing.Testing1@7b227d8d]" started-at="2020-01-17T15:04:06 EST" name="f" data-provider="dp" finished-at="2020-01-17T15:04:06 EST" duration-ms="1" status="PASS">
          <params>
            <param index="0">
              <value>
                <![CDATA[2]]>
              </value>
            </param>
            <param index="1">
              <value>
                <![CDATA[b]]>
              </value>
            </param>
          </params>
          <reporter-output>
          </reporter-output>
        </test-method> <!-- f -->
        <test-method is-config="true" signature="afterMethod()[pri:0, instance:com.testing.Testing1@7b227d8d]" started-at="2020-01-17T15:04:06 EST" name="afterMethod" finished-at="2020-01-17T15:04:06 EST" duration-ms="1" status="PASS">
          <reporter-output>
          </reporter-output>
        </test-method> <!-- afterMethod -->
        <test-method is-config="true" signature="beforeMethod()[pri:0, instance:com.testing.Testing1@7b227d8d]" started-at="2020-01-17T15:04:06 EST" name="beforeMethod" finished-at="2020-01-17T15:04:06 EST" duration-ms="0" status="PASS">
          <reporter-output>
          </reporter-output>
        </test-method> <!-- beforeMethod -->
        <test-method signature="test1()[pri:0, instance:com.testing.Testing1@7b227d8d]" started-at="2020-01-17T15:04:06 EST" name="test1" finished-at="2020-01-17T15:04:06 EST" duration-ms="2" status="PASS">
          <reporter-output>
          </reporter-output>
        </test-method> <!-- test1 -->
        <test-method is-config="true" signature="afterMethod()[pri:0, instance:com.testing.Testing1@7b227d8d]" started-at="2020-01-17T15:04:06 EST" name="afterMethod" finished-at="2020-01-17T15:04:06 EST" duration-ms="1" status="PASS">
          <reporter-output>
          </reporter-output>
        </test-method> <!-- afterMethod -->
        <test-method is-config="true" signature="beforeMethod()[pri:0, instance:com.testing.Testing1@7b227d8d]" started-at="2020-01-17T15:04:06 EST" name="beforeMethod" finished-at="2020-01-17T15:04:06 EST" duration-ms="0" status="PASS">
          <reporter-output>
          </reporter-output>
        </test-method> <!-- beforeMethod -->
        <test-method signature="test2()[pri:0, instance:com.testing.Testing1@7b227d8d]" started-at="2020-01-17T15:04:06 EST" name="test2" finished-at="2020-01-17T15:04:06 EST" duration-ms="1" status="PASS">
          <reporter-output>
          </reporter-output>
        </test-method> <!-- test2 -->
        <test-method is-config="true" signature="afterMethod()[pri:0, instance:com.testing.Testing1@7b227d8d]" started-at="2020-01-17T15:04:06 EST" name="afterMethod" finished-at="2020-01-17T15:04:06 EST" duration-ms="0" status="PASS">
          <reporter-output>
          </reporter-output>
        </test-method> <!-- afterMethod -->
        <test-method is-config="true" signature="beforeMethod()[pri:0, instance:com.testing.Testing1@7b227d8d]" started-at="2020-01-17T15:04:06 EST" name="beforeMethod" finished-at="2020-01-17T15:04:06 EST" duration-ms="0" status="PASS">
          <reporter-output>
          </reporter-output>
        </test-method> <!-- beforeMethod -->
        <test-method signature="test3()[pri:0, instance:com.testing.Testing1@7b227d8d]" started-at="2020-01-17T15:04:06 EST" name="test3" finished-at="2020-01-17T15:04:06 EST" duration-ms="1" status="PASS">
          <reporter-output>
          </reporter-output>
        </test-method> <!-- test3 -->
        <test-method is-config="true" signature="afterMethod()[pri:0, instance:com.testing.Testing1@7b227d8d]" started-at="2020-01-17T15:04:06 EST" name="afterMethod" finished-at="2020-01-17T15:04:06 EST" duration-ms="0" status="PASS">
          <reporter-output>
          </reporter-output>
        </test-method> <!-- afterMethod -->
        <test-method is-config="true" signature="afterClass()[pri:0, instance:com.testing.Testing1@7b227d8d]" started-at="2020-01-17T15:04:06 EST" name="afterClass" finished-at="2020-01-17T15:04:06 EST" duration-ms="1" status="PASS">
          <reporter-output>
          </reporter-output>
        </test-method> <!-- afterClass -->
        <test-method is-config="true" signature="afterTest()[pri:0, instance:com.testing.Testing1@7b227d8d]" started-at="2020-01-17T15:04:07 EST" name="afterTest" finished-at="2020-01-17T15:04:07 EST" duration-ms="1" status="PASS">
          <reporter-output>
          </reporter-output>
        </test-method> <!-- afterTest -->
        <test-method is-config="true" signature="afterSuite()[pri:0, instance:com.testing.Testing1@7b227d8d]" started-at="2020-01-17T15:04:07 EST" name="afterSuite" finished-at="2020-01-17T15:04:07 EST" duration-ms="1" status="PASS">
          <reporter-output>
          </reporter-output>
        </test-method> <!-- afterSuite -->
      </class> <!-- com.testing.Testing1 -->
      <class name="com.testing.Testing2">
        <test-method signature="test4()[pri:0, instance:com.testing.Testing2@7219ec67]" started-at="2020-01-17T15:04:06 EST" name="test4" finished-at="2020-01-17T15:04:06 EST" duration-ms="4" status="PASS">
          <reporter-output>
          </reporter-output>
        </test-method> <!-- test4 -->
        <test-method signature="test5()[pri:0, instance:com.testing.Testing2@7219ec67]" started-at="2020-01-17T15:04:06 EST" name="test5" finished-at="2020-01-17T15:04:06 EST" duration-ms="2" status="PASS">
          <reporter-output>
          </reporter-output>
        </test-method> <!-- test5 -->
      </class> <!-- com.testing.Testing2 -->
    </test> <!-- Test -->
  </suite> <!-- Suite -->
</testng-results>
